<?xml version="1.0" encoding="UTF-8"?>
<!-- Generated by org.testng.reporters.JUnitXMLReporter -->
<testsuite ignored="0" hostname="FA072904" failures="2" tests="4" name="All Tests" time="81.063" errors="0" timestamp="2026-04-07T12:30:24 IST">
  <testcase classname="tests.AlphaUserTest" name="createAlphaUser" time="4.476"/>
  <testcase classname="tests.AmenitiesTest" name="verifyAmenities" time="36.898"/>
  <testcase classname="tests.AmenitiesTest" name="verifyAmenitiesFlow" time="36.98">
    <failure type="org.openqa.selenium.TimeoutException" message="Expected condition failed: waiting for visibility of element located by By.xpath: //*[contains(text(),&amp;apos;ABA Cleo County&amp;apos;)] (tried for 20 second(s) with 500 milliseconds interval)
Build info: version: &amp;apos;4.18.1&amp;apos;, revision: &amp;apos;b1d3319b48&amp;apos;
System info: os.name: &amp;apos;Windows 11&amp;apos;, os.arch: &amp;apos;amd64&amp;apos;, os.version: &amp;apos;10.0&amp;apos;, java.version: &amp;apos;11.0.30&amp;apos;
Driver info: org.openqa.selenium.chrome.ChromeDriver
Capabilities {acceptInsecureCerts: false, browserName: chrome, browserVersion: 143.0.7499.147, chrome: {chromedriverVersion: 143.0.7499.192 (be2c1f4fd45..., userDataDir: C:\Users\yogesh.1\AppData\L...}, fedcm:accounts: true, goog:chromeOptions: {debuggerAddress: localhost:61482}, goog:processID: 24464, networkConnectionEnabled: false, pageLoadStrategy: normal, platformName: windows, proxy: Proxy(), se:cdp: ws://localhost:61482/devtoo..., se:cdpVersion: 143.0.7499.147, setWindowRect: true, strictFileInteractability: false, timeouts: {implicit: 0, pageLoad: 300000, script: 30000}, unhandledPromptBehavior: dismiss and notify, webauthn:extension:credBlob: true, webauthn:extension:largeBlob: true, webauthn:extension:minPinLength: true, webauthn:extension:prf: true, webauthn:virtualAuthenticators: true}
Session ID: e872d7cfbbb1472582f3f40604d5130f">
      <![CDATA[org.openqa.selenium.TimeoutException: Expected condition failed: waiting for visibility of element located by By.xpath: //*[contains(text(),'ABA Cleo County')] (tried for 20 second(s) with 500 milliseconds interval)
Build info: version: '4.18.1', revision: 'b1d3319b48'
System info: os.name: 'Windows 11', os.arch: 'amd64', os.version: '10.0', java.version: '11.0.30'
Driver info: org.openqa.selenium.chrome.ChromeDriver
Capabilities {acceptInsecureCerts: false, browserName: chrome, browserVersion: 143.0.7499.147, chrome: {chromedriverVersion: 143.0.7499.192 (be2c1f4fd45..., userDataDir: C:\Users\yogesh.1\AppData\L...}, fedcm:accounts: true, goog:chromeOptions: {debuggerAddress: localhost:61482}, goog:processID: 24464, networkConnectionEnabled: false, pageLoadStrategy: normal, platformName: windows, proxy: Proxy(), se:cdp: ws://localhost:61482/devtoo..., se:cdpVersion: 143.0.7499.147, setWindowRect: true, strictFileInteractability: false, timeouts: {implicit: 0, pageLoad: 300000, script: 30000}, unhandledPromptBehavior: dismiss and notify, webauthn:extension:credBlob: true, webauthn:extension:largeBlob: true, webauthn:extension:minPinLength: true, webauthn:extension:prf: true, webauthn:virtualAuthenticators: true}
Session ID: e872d7cfbbb1472582f3f40604d5130f
at org.openqa.selenium.support.ui.WebDriverWait.timeoutException(WebDriverWait.java:84)
at org.openqa.selenium.support.ui.FluentWait.until(FluentWait.java:228)
at utils.WaitUtils.visible(WaitUtils.java:23)
at pages.PropertyPage.isSubHeadingVisible(PropertyPage.java:106)
at tests.AmenitiesTest.verifyAmenitiesFlow(AmenitiesTest.java:74)
at java.base/java.util.concurrent.Executors$RunnableAdapter.call(Executors.java:515)
at java.base/java.util.concurrent.FutureTask.run(FutureTask.java:264)
at java.base/java.util.concurrent.ThreadPoolExecutor.runWorker(ThreadPoolExecutor.java:1128)
at java.base/java.util.concurrent.ThreadPoolExecutor$Worker.run(ThreadPoolExecutor.java:628)
at java.base/java.lang.Thread.run(Thread.java:829)
... Removed 13 stack frames]]>
    </failure>
  </testcase> <!-- verifyAmenitiesFlow -->
  <testcase classname="tests.FloorPlanMsiteTest" name="verifyFloorPlan_mSite" time="28.254">
    <failure type="java.lang.RuntimeException" message="Failed to click element: By.xpath: //*[contains(@aria-label,&amp;apos;Expand&amp;apos;)]">
      <![CDATA[java.lang.RuntimeException: Failed to click element: By.xpath: //*[contains(@aria-label,'Expand')]
at utils.ActionUtils.safeClick(ActionUtils.java:69)
at pages.PropertyPage.clickExpandFloorPlan(PropertyPage.java:191)
at tests.FloorPlanMsiteTest.verifyFloorPlan_mSite(FloorPlanMsiteTest.java:92)
at java.base/java.util.concurrent.Executors$RunnableAdapter.call(Executors.java:515)
at java.base/java.util.concurrent.FutureTask.run(FutureTask.java:264)
at java.base/java.util.concurrent.ThreadPoolExecutor.runWorker(ThreadPoolExecutor.java:1128)
at java.base/java.util.concurrent.ThreadPoolExecutor$Worker.run(ThreadPoolExecutor.java:628)
at java.base/java.lang.Thread.run(Thread.java:829)
... Removed 13 stack frames]]>
    </failure>
  </testcase> <!-- verifyFloorPlan_mSite -->
</testsuite> <!-- All Tests -->
