<?xml version="1.0" encoding="UTF-8"?>
<testsuite xmlns:xsi="http://www.w3.org/2001/XMLSchema-instance" xsi:noNamespaceSchemaLocation="https://maven.apache.org/surefire/maven-surefire-plugin/xsd/surefire-test-report-3.0.xsd" version="3.0" name="tests.LoginDebugTest" time="37.472" tests="1" errors="0" skipped="0" failures="0">
  <properties>
[...]
</properties>
  <testcase name="dumpLoginModal[desktop](1)" classname="tests.LoginDebugTest" time="20.614">
    <system-out><![CDATA[=== Starting Setup ===
Driver initialized
Driver assigned
Base URL: https://www.99acres.com
=== Setup Completed ===
=== LoginDebug: platform=desktop ===
Desktop: clicked LR.INITIATE
=== Current URL after click: https://www.99acres.com/
=== ALL inputs (44) ===
  tag=input type=text id= name= placeholder=City Name class= data-testid=null displayed=false enabled=true
  tag=input type=text id= name=PROP_ID placeholder=Search by Property Code class= data-testid=null displayed=false enabled=true
  tag=input type=hidden id= name=city placeholder= class= data-testid=null displayed=false enabled=true
  tag=input type=hidden id= name=lstAcn placeholder= class= data-testid=null displayed=false enabled=true
  tag=input type=hidden id= name=lstAcnId placeholder= class= data-testid=null displayed=false enabled=true
  tag=input type=hidden id=preference name=preference placeholder= class= data-testid=null displayed=false enabled=true
  tag=input type=hidden id=referrer_section name=refSection placeholder= class= data-testid=null displayed=false enabled=true
  tag=input type=hidden id=budget_min name=budget_min placeholder= class= data-testid=null displayed=false enabled=true
  tag=input type=hidden id=budget_max name=budget_max placeholder= class= data-testid=null displayed=false enabled=true
  tag=input type=hidden id=searchform name=searchform placeholder= class= data-testid=null displayed=false enabled=true
  tag=input type=hidden id=class name=class placeholder= class= data-testid=null displayed=false enabled=true
  tag=input type=hidden id=bedroom_num name=bedroom_num placeholder= class= data-testid=null displayed=false enabled=true
  tag=input type=hidden id=availability name=availability placeholder= class= data-testid=null displayed=false enabled=true
  tag=input type=hidden id=res_com name=res_com placeholder= class= data-testid=null displayed=false enabled=true
  tag=input type=hidden id=property_type name=property_type placeholder= class= data-testid=null displayed=false enabled=true
  tag=input type=hidden id=situatedIn name=situatedIn placeholder= class= data-testid=null displayed=false enabled=true
  tag=input type=hidden id=businessType name=businessType placeholder= class= data-testid=null displayed=false enabled=true
  tag=input type=hidden id=seatTypes name=seatTypes placeholder= class= data-testid=null displayed=false enabled=true
  tag=input type=hidden id=planType name=planType placeholder= class= data-testid=null displayed=false enabled=true
  tag=input type=hidden id=seatCountRng name=seatCountRng placeholder= class= data-testid=null displayed=false enabled=true
  tag=input type=text id=keyword name=keyword placeholder=Enter Locality / Project / Society / Landmark class=list_header_semiBold  data-testid=null displayed=false enabled=true
  tag=input type=text id= name=PROP_ID placeholder=Search by Property Code class= data-testid=null displayed=false enabled=true
  tag=input type=hidden id= name=city placeholder= class= data-testid=null displayed=false enabled=true
  tag=input type=hidden id= name=lstAcn placeholder= class= data-testid=null displayed=false enabled=true
  tag=input type=hidden id= name=lstAcnId placeholder= class= data-testid=null displayed=false enabled=true
  tag=input type=hidden id=preference name=preference placeholder= class= data-testid=null displayed=false enabled=true
  tag=input type=hidden id=referrer_section name=refSection placeholder= class= data-testid=null displayed=false enabled=true
  tag=input type=hidden id=budget_min name=budget_min placeholder= class= data-testid=null displayed=false enabled=true
  tag=input type=hidden id=budget_max name=budget_max placeholder= class= data-testid=null displayed=false enabled=true
  tag=input type=hidden id=searchform name=searchform placeholder= class= data-testid=null displayed=false enabled=true
  tag=input type=hidden id=class name=class placeholder= class= data-testid=null displayed=false enabled=true
  tag=input type=hidden id=bedroom_num name=bedroom_num placeholder= class= data-testid=null displayed=false enabled=true
  tag=input type=hidden id=availability name=availability placeholder= class= data-testid=null displayed=false enabled=true
  tag=input type=hidden id=res_com name=res_com placeholder= class= data-testid=null displayed=false enabled=true
  tag=input type=hidden id=property_type name=property_type placeholder= class= data-testid=null displayed=false enabled=true
  tag=input type=hidden id=situatedIn name=situatedIn placeholder= class= data-testid=null displayed=false enabled=true
  tag=input type=hidden id=businessType name=businessType placeholder= class= data-testid=null displayed=false enabled=true
  tag=input type=hidden id=seatTypes name=seatTypes placeholder= class= data-testid=null displayed=false enabled=true
  tag=input type=hidden id=planType name=planType placeholder= class= data-testid=null displayed=false enabled=true
  tag=input type=hidden id=seatCountRng name=seatCountRng placeholder= class= data-testid=null displayed=false enabled=true
  tag=input type=text id=keyword2 name=keyword placeholder= class=component__searchInput data-testid=null displayed=true enabled=true
  tag=input type=text id= name= placeholder= class=pageComponent commonInput__pl80  data-testid=null displayed=true enabled=true
  tag=input type=hidden id=__apiToken name= placeholder= class= data-testid=null displayed=false enabled=true
  tag=input type=hidden id=__tracking_id name= placeholder= class= data-testid=null displayed=false enabled=true
=== contenteditable elements (0) ===
=== Login containers (0) ===
=== Page source around LOGIN ===
userWhite theader__dot iconS_Common_24 theader__explicitSpriteSize"></i><div class="theader__popupCity theader__login false"><div class="P500 hyperlinks_medium bold spacer16" data-label="LR.INITIATE">LOGIN / REGISTER</div><ul class="body_small theader__loginList theader__loginPostProperty"><li><a data-label="LINK" data-custominfo="{&quot;custom_object&quot;:{&quot;url&quot;:&quot;/recent-activity&quot;,&quot;label&quot;:&quot;My Activity&quot;}}" class="pageComponent Ng800 theader__fl" href="/recent-activity">My Activity</a></li><li><a data-label="LINK" data-custominfo="{&quot;custom_object&quot;:{&quot;url&quot;:&quot;/recent-activity?activeTab=RECENT_SEARCH&quot;,&quot;label&quot;:&quot;Re
=== LR.* data-label elements (5) ===
  tag=div data-label=LR.INITIATE class=P500 hyperlinks_medium bold spacer16 displayed=false text=
  tag=div data-label=LR.INITIATE class=P500 hmenu__loginRegister displayed=false text=
  tag=div data-label=LR.INITIATE class=P500 hyperlinks_medium bold spacer16 displayed=false text=
  tag=div data-label=LR.INITIATE class=P500 hmenu__loginRegister displayed=false text=
  tag=div data-label=LR_PHONE class=pageComponent phoneLogin__container  displayed=true text=Login / Register
Please enter your Phone Number
Ph
]]></system-out>
    <system-err><![CDATA[[main] INFO io.github.bonigarcia.wdm.WebDriverManager - Using chromedriver 143.0.7499.192 (resolved driver for Chrome 143)
[main] INFO io.github.bonigarcia.wdm.WebDriverManager - Exporting webdriver.chrome.driver as C:\Users\yogesh.1\.cache\selenium\chromedriver\win64\143.0.7499.192\chromedriver.exe
Apr 07, 2026 9:57:59 PM org.openqa.selenium.devtools.CdpVersionFinder findNearestMatch
WARNING: Unable to find CDP implementation matching 143
Apr 07, 2026 9:57:59 PM org.openqa.selenium.chromium.ChromiumDriver lambda$new$5
WARNING: Unable to find version of CDP to use for 143.0.7499.147. You may need to include a dependency on a specific version of the CDP using something similar to `org.seleniumhq.selenium:selenium-devtools-v86:4.18.1` where the version ("v86") matches the version of the chromium-based browser you're using and the version number of the artifact is the same as Selenium's.
]]></system-err>
  </testcase>
</testsuite>