<?xml version="1.0" encoding="UTF-8"?>
<testsuite xmlns:xsi="http://www.w3.org/2001/XMLSchema-instance" xsi:noNamespaceSchemaLocation="https://maven.apache.org/surefire/maven-surefire-plugin/xsd/surefire-test-report-3.0.xsd" version="3.0" name="TestSuite" time="236.879" tests="5" errors="0" skipped="0" failures="0">
  <properties>
[...]
</properties>
  <testcase name="createAlphaUser" classname="tests.AlphaUserTest" time="8.699">
    <system-out><![CDATA[=== Starting Setup ===
=== Starting Setup ===
=== Starting Setup ===
=== Starting Setup ===
Running in mSite mode
Running in mSite mode
Driver initialized
Driver initialized
Driver assigned
Driver assigned
Driver initialized
Driver assigned
Driver initialized
Driver assigned
Base URL: https://www.99acres.com
Base URL: https://www.99acres.com
Base URL: https://www.99acres.com
Base URL: https://www.99acres.com
=== Setup Completed ===
=== Setup Completed ===
=== Setup Completed ===
=== Setup Completed ===
LoginFlow: no login layer visible — skipping
LoginFlow: no login layer visible — skipping
CookieUtils: found _ga userId=1417814413.1775580189
Alpha user setup — userId=1417814413.1775580189 platform=DESKTOP
CookieUtils: found _ga userId=1875438075.1775580189
Alpha user setup — userId=1875438075.1775580189 platform=msite
Alpha API request [MOBILESITE] userId=1875438075.1775580189 payload=[{"userId":"1875438075.1775580189","state":"Y","experimentName":"APTMAPXID","platform":"MOBILESITE"}]
Alpha API request [DESKTOP] userId=1417814413.1775580189 payload=[{"userId":"1417814413.1775580189","state":"Y","experimentName":"APTMAPXID","platform":"DESKTOP"}]
LoginFlow: no login layer visible — skipping
LoginFlow: no login layer visible — skipping
CookieUtils: found _ga userId=230279926.1775580193
Alpha user setup — userId=230279926.1775580193 platform=DESKTOP
Alpha API request [DESKTOP] userId=230279926.1775580193 payload=[{"userId":"230279926.1775580193","state":"Y","experimentName":"APTMAPXID","platform":"DESKTOP"}]
CookieUtils: found _ga userId=932330242.1775580193
Alpha user setup — userId=932330242.1775580193 platform=desktop
Alpha API request [DESKTOP] userId=932330242.1775580193 payload=[{"userId":"932330242.1775580193","state":"Y","experimentName":"APTMAPXID","platform":"DESKTOP"}]
Alpha API unavailable: connect timed out
Alpha API unavailable: connect timed out
Alpha user API returned -1 — continuing anyway
Alpha user API returned -1 — continuing anyway
]]></system-out>
    <system-err><![CDATA[[TestNG-tests-2] INFO io.github.bonigarcia.wdm.WebDriverManager - Using chromedriver 143.0.7499.192 (resolved driver for Chrome 143)
[TestNG-tests-3] INFO io.github.bonigarcia.wdm.WebDriverManager - Using chromedriver 143.0.7499.192 (resolved driver for Chrome 143)
[TestNG-tests-1] INFO io.github.bonigarcia.wdm.WebDriverManager - Using chromedriver 143.0.7499.192 (resolved driver for Chrome 143)
[TestNG-tests-4] INFO io.github.bonigarcia.wdm.WebDriverManager - Using chromedriver 143.0.7499.192 (resolved driver for Chrome 143)
[TestNG-tests-1] INFO io.github.bonigarcia.wdm.WebDriverManager - Exporting webdriver.chrome.driver as C:\Users\yogesh.1\.cache\selenium\chromedriver\win64\143.0.7499.192\chromedriver.exe
[TestNG-tests-3] INFO io.github.bonigarcia.wdm.WebDriverManager - Exporting webdriver.chrome.driver as C:\Users\yogesh.1\.cache\selenium\chromedriver\win64\143.0.7499.192\chromedriver.exe
[TestNG-tests-4] INFO io.github.bonigarcia.wdm.WebDriverManager - Exporting webdriver.chrome.driver as C:\Users\yogesh.1\.cache\selenium\chromedriver\win64\143.0.7499.192\chromedriver.exe
[TestNG-tests-2] INFO io.github.bonigarcia.wdm.WebDriverManager - Exporting webdriver.chrome.driver as C:\Users\yogesh.1\.cache\selenium\chromedriver\win64\143.0.7499.192\chromedriver.exe
Apr 07, 2026 10:12:57 PM org.openqa.selenium.devtools.CdpVersionFinder findNearestMatch
WARNING: Unable to find CDP implementation matching 143
Apr 07, 2026 10:12:57 PM org.openqa.selenium.devtools.CdpVersionFinder findNearestMatch
WARNING: Unable to find CDP implementation matching 143
Apr 07, 2026 10:12:57 PM org.openqa.selenium.devtools.CdpVersionFinder findNearestMatch
WARNING: Unable to find CDP implementation matching 143
Apr 07, 2026 10:12:57 PM org.openqa.selenium.devtools.CdpVersionFinder findNearestMatch
WARNING: Unable to find CDP implementation matching 143
Apr 07, 2026 10:12:57 PM org.openqa.selenium.chromium.ChromiumDriver lambda$new$5
WARNING: Unable to find version of CDP to use for 143.0.7499.147. You may need to include a dependency on a specific version of the CDP using something similar to `org.seleniumhq.selenium:selenium-devtools-v86:4.18.1` where the version ("v86") matches the version of the chromium-based browser you're using and the version number of the artifact is the same as Selenium's.
Apr 07, 2026 10:12:57 PM org.openqa.selenium.chromium.ChromiumDriver lambda$new$5
WARNING: Unable to find version of CDP to use for 143.0.7499.147. You may need to include a dependency on a specific version of the CDP using something similar to `org.seleniumhq.selenium:selenium-devtools-v86:4.18.1` where the version ("v86") matches the version of the chromium-based browser you're using and the version number of the artifact is the same as Selenium's.
Apr 07, 2026 10:12:57 PM org.openqa.selenium.chromium.ChromiumDriver lambda$new$5
WARNING: Unable to find version of CDP to use for 143.0.7499.147. You may need to include a dependency on a specific version of the CDP using something similar to `org.seleniumhq.selenium:selenium-devtools-v86:4.18.1` where the version ("v86") matches the version of the chromium-based browser you're using and the version number of the artifact is the same as Selenium's.
Apr 07, 2026 10:12:57 PM org.openqa.selenium.chromium.ChromiumDriver lambda$new$5
WARNING: Unable to find version of CDP to use for 143.0.7499.147. You may need to include a dependency on a specific version of the CDP using something similar to `org.seleniumhq.selenium:selenium-devtools-v86:4.18.1` where the version ("v86") matches the version of the chromium-based browser you're using and the version number of the artifact is the same as Selenium's.
]]></system-err>
  </testcase>
  <testcase name="createAlphaUser" classname="tests.AlphaUserTest" time="12.067">
    <system-out><![CDATA[Alpha API unavailable: connect timed out
Alpha user API returned -1 — continuing anyway
]]></system-out>
  </testcase>
  <testcase name="verifyAmenities" classname="tests.AmenitiesTest" time="35.924">
    <system-out><![CDATA[Alpha API unavailable: connect timed out
Alpha user API returned -1 — continuing anyway
]]></system-out>
  </testcase>
  <testcase name="verifyAmenitiesFlow" classname="tests.AmenitiesTest" time="52.65">
    <system-out><![CDATA[=== Starting Setup ===
Driver initialized
Driver assigned
Base URL: https://www.99acres.com
=== Setup Completed ===
CookieUtils: found _ga userId=1461541962.1775580248
Alpha API request [DESKTOP] userId=1461541962.1775580248 payload=[{"userId":"1461541962.1775580248","state":"Y","experimentName":"APTMAPXID","platform":"DESKTOP"}]
Alpha API unavailable: connect timed out
Amenities details not found (alpha panel may not be active): Expected condition failed: waiting for visibility of element located by By.xpath: //*[contains(@class,'UniquesFacilities')] | //*[contains(@class,'ameniti') or contains(@class,'Ameniti')] | //*[@role='dialog' or @role='modal' or contains(@class,'modal') or contains(@class,'popup') or contains(@class,'overlay')] | //*[contains(@class,'pageComponent') and contains(@class,'facilities')] (tried for 20 second(s) with 500 milliseconds interval)
Build info: version: '4.18.1', revision: 'b1d3319b48'
System info: os.name: 'Windows 11', os.arch: 'amd64', os.version: '10.0', java.version: '11.0.30'
Driver info: org.openqa.selenium.chrome.ChromeDriver
Capabilities {acceptInsecureCerts: false, browserName: chrome, browserVersion: 143.0.7499.147, chrome: {chromedriverVersion: 143.0.7499.192 (be2c1f4fd45..., userDataDir: C:\Users\yogesh.1\AppData\L...}, fedcm:accounts: true, goog:chromeOptions: {debuggerAddress: localhost:63706}, goog:processID: 23324, networkConnectionEnabled: false, pageLoadStrategy: normal, platformName: windows, proxy: Proxy(), se:cdp: ws://localhost:63706/devtoo..., se:cdpVersion: 143.0.7499.147, setWindowRect: true, strictFileInteractability: false, timeouts: {implicit: 0, pageLoad: 300000, script: 30000}, unhandledPromptBehavior: dismiss and notify, webauthn:extension:credBlob: true, webauthn:extension:largeBlob: true, webauthn:extension:minPinLength: true, webauthn:extension:prf: true, webauthn:virtualAuthenticators: true}
Session ID: b202a6923923feeb3503a63388054fc3
]]></system-out>
    <system-err><![CDATA[[TestNG-tests-3] INFO io.github.bonigarcia.wdm.WebDriverManager - Using chromedriver 143.0.7499.192 (resolved driver for Chrome 143)
[TestNG-tests-3] INFO io.github.bonigarcia.wdm.WebDriverManager - Exporting webdriver.chrome.driver as C:\Users\yogesh.1\.cache\selenium\chromedriver\win64\143.0.7499.192\chromedriver.exe
Apr 07, 2026 10:13:58 PM org.openqa.selenium.devtools.CdpVersionFinder findNearestMatch
WARNING: Unable to find CDP implementation matching 143
Apr 07, 2026 10:13:58 PM org.openqa.selenium.chromium.ChromiumDriver lambda$new$5
WARNING: Unable to find version of CDP to use for 143.0.7499.147. You may need to include a dependency on a specific version of the CDP using something similar to `org.seleniumhq.selenium:selenium-devtools-v86:4.18.1` where the version ("v86") matches the version of the chromium-based browser you're using and the version number of the artifact is the same as Selenium's.
]]></system-err>
  </testcase>
  <testcase name="verifyFloorPlan_mSite" classname="tests.FloorPlanMsiteTest" time="154.35"/>
</testsuite>